0 info it worked if it ends with ok
1 verbose cli [ 'C:\\Program Files\\nodejs\\node.exe',
1 verbose cli   'C:\\Program Files\\nodejs\\node_modules\\npm\\bin\\npm-cli.js',
1 verbose cli   'run-script',
1 verbose cli   'start' ]
2 info using npm@3.6.0
3 info using node@v5.7.0
4 verbose run-script [ 'prestart', 'start', 'poststart' ]
5 info lifecycle mean-auth@~prestart: mean-auth@
6 silly lifecycle mean-auth@~prestart: no script for prestart, continuing
7 info lifecycle mean-auth@~start: mean-auth@
8 verbose lifecycle mean-auth@~start: unsafe-perm in lifecycle true
9 verbose lifecycle mean-auth@~start: PATH: C:\Program Files\nodejs\node_modules\npm\bin\node-gyp-bin;F:\Rohan\mongodb\rentmyspace\node_modules\.bin;C:\Program Files (x86)\Python_2.7\;C:\Program Files (x86)\Python_2.7\Scripts;C:\ProgramData\Oracle\Java\javapath;C:\Program Files (x86)\Intel\iCLS Client\;C:\Program Files\Intel\iCLS Client\;C:\Windows\system32;C:\Windows;C:\Windows\System32\Wbem;C:\Windows\System32\WindowsPowerShell\v1.0\;C:\Program Files\Intel\IntelSGXPSW\bin\x64\Release\;C:\Program Files\Intel\IntelSGXPSW\bin\win32\Release\;C:\Program Files (x86)\NVIDIA Corporation\PhysX\Common;c:\Program Files\Intel\WiFi\bin\;c:\Program Files\Common Files\Intel\WirelessCommon\;C:\Program Files\Hewlett-Packard\SimplePass\;C:\WINDOWS\system32;C:\WINDOWS;C:\WINDOWS\System32\Wbem;C:\WINDOWS\System32\WindowsPowerShell\v1.0\;C:\Program Files\nodejs\;C:\Program Files (x86)\Git\cmd;C:\Program Files (x86)\Intel\Intel(R) Management Engine Components\DAL;C:\Program Files\Intel\Intel(R) Management Engine Components\DAL;C:\Program Files (x86)\Intel\Intel(R) Management Engine Components\IPT;C:\Program Files\Intel\Intel(R) Management Engine Components\IPT;C:\Program Files\Microsoft SQL Server\120\Tools\Binn\;C:\Program Files (x86)\Skype\Phone\;C:\Users\rohan\AppData\Roaming\npm;C:\Program Files\MongoDB\Server\3.2\bin;C:\wamp\bin\mysql\mysql5.7.9\bin;C:\wamp\bin\php\php5.6.15
10 verbose lifecycle mean-auth@~start: CWD: F:\Rohan\mongodb\rentmyspace
11 silly lifecycle mean-auth@~start: Args: [ '/d /s /c', 'node server/server.js' ]
12 silly lifecycle mean-auth@~start: Returned: code: 1  signal: null
13 info lifecycle mean-auth@~start: Failed to exec start script
14 verbose stack Error: mean-auth@ start: `node server/server.js`
14 verbose stack Exit status 1
14 verbose stack     at EventEmitter.<anonymous> (C:\Program Files\nodejs\node_modules\npm\lib\utils\lifecycle.js:232:16)
14 verbose stack     at emitTwo (events.js:100:13)
14 verbose stack     at EventEmitter.emit (events.js:185:7)
14 verbose stack     at ChildProcess.<anonymous> (C:\Program Files\nodejs\node_modules\npm\lib\utils\spawn.js:24:14)
14 verbose stack     at emitTwo (events.js:100:13)
14 verbose stack     at ChildProcess.emit (events.js:185:7)
14 verbose stack     at maybeClose (internal/child_process.js:827:16)
14 verbose stack     at Process.ChildProcess._handle.onexit (internal/child_process.js:211:5)
15 verbose pkgid mean-auth@
16 verbose cwd F:\Rohan\mongodb\rentmyspace
17 error Windows_NT 10.0.10586
18 error argv "C:\\Program Files\\nodejs\\node.exe" "C:\\Program Files\\nodejs\\node_modules\\npm\\bin\\npm-cli.js" "run-script" "start"
19 error node v5.7.0
20 error npm  v3.6.0
21 error code ELIFECYCLE
22 error mean-auth@ start: `node server/server.js`
22 error Exit status 1
23 error Failed at the mean-auth@ start script 'node server/server.js'.
23 error Make sure you have the latest version of node.js and npm installed.
23 error If you do, this is most likely a problem with the mean-auth package,
23 error not with npm itself.
23 error Tell the author that this fails on your system:
23 error     node server/server.js
23 error You can get information on how to open an issue for this project with:
23 error     npm bugs mean-auth
23 error Or if that isn't available, you can get their info via:
23 error     npm owner ls mean-auth
23 error There is likely additional logging output above.
24 verbose exit [ 1, true ]
