::1 - - [20/Sep/2016:01:59:49 +0000] "GET /user/status HTTP/1.1" 500 42 "http://localhost:3000/" "Mozilla/5.0 (Windows NT 10.0; WOW64) AppleWebKit/537.36 (KHTML, like Gecko) Chrome/53.0.2785.116 Safari/537.36"
::1 - - [20/Sep/2016:02:00:17 +0000] "GET /user/status HTTP/1.1" 500 42 "http://localhost:3000/" "Mozilla/5.0 (Windows NT 10.0; WOW64) AppleWebKit/537.36 (KHTML, like Gecko) Chrome/53.0.2785.116 Safari/537.36"
::1 - - [20/Sep/2016:02:00:41 +0000] "GET /user/status HTTP/1.1" 500 42 "http://localhost:3000/" "Mozilla/5.0 (Windows NT 10.0; WOW64) AppleWebKit/537.36 (KHTML, like Gecko) Chrome/53.0.2785.116 Safari/537.36"
::1 - - [20/Sep/2016:02:02:22 +0000] "GET /user/status HTTP/1.1" 500 42 "http://localhost:3000/" "Mozilla/5.0 (Windows NT 10.0; WOW64) AppleWebKit/537.36 (KHTML, like Gecko) Chrome/53.0.2785.116 Safari/537.36"
::1 - - [20/Sep/2016:02:03:35 +0000] "GET /user/status HTTP/1.1" 500 42 "http://localhost:3000/" "Mozilla/5.0 (Windows NT 10.0; WOW64) AppleWebKit/537.36 (KHTML, like Gecko) Chrome/53.0.2785.116 Safari/537.36"
::1 - - [20/Sep/2016:02:04:21 +0000] "GET /user/status HTTP/1.1" 500 42 "http://localhost:3000/" "Mozilla/5.0 (Windows NT 10.0; WOW64) AppleWebKit/537.36 (KHTML, like Gecko) Chrome/53.0.2785.116 Safari/537.36"
::1 - - [20/Sep/2016:02:06:13 +0000] "GET /user/status HTTP/1.1" 500 42 "http://localhost:3000/" "Mozilla/5.0 (Windows NT 10.0; WOW64) AppleWebKit/537.36 (KHTML, like Gecko) Chrome/53.0.2785.116 Safari/537.36"
::1 - - [20/Sep/2016:02:09:24 +0000] "GET /user/status HTTP/1.1" 500 42 "http://localhost:3000/" "Mozilla/5.0 (Windows NT 10.0; WOW64) AppleWebKit/537.36 (KHTML, like Gecko) Chrome/53.0.2785.116 Safari/537.36"
::1 - - [20/Sep/2016:02:10:03 +0000] "GET /user/status HTTP/1.1" 500 42 "http://localhost:3000/" "Mozilla/5.0 (Windows NT 10.0; WOW64) AppleWebKit/537.36 (KHTML, like Gecko) Chrome/53.0.2785.116 Safari/537.36"
::1 - - [20/Sep/2016:02:10:34 +0000] "GET /user/status HTTP/1.1" 500 42 "http://localhost:3000/" "Mozilla/5.0 (Windows NT 10.0; WOW64) AppleWebKit/537.36 (KHTML, like Gecko) Chrome/53.0.2785.116 Safari/537.36"
::1 - - [20/Sep/2016:02:11:03 +0000] "GET /user/status HTTP/1.1" 500 42 "http://localhost:3000/" "Mozilla/5.0 (Windows NT 10.0; WOW64) AppleWebKit/537.36 (KHTML, like Gecko) Chrome/53.0.2785.116 Safari/537.36"
::1 - - [20/Sep/2016:02:11:30 +0000] "GET /user/status HTTP/1.1" 500 42 "http://localhost:3000/" "Mozilla/5.0 (Windows NT 10.0; WOW64) AppleWebKit/537.36 (KHTML, like Gecko) Chrome/53.0.2785.116 Safari/537.36"
::1 - - [20/Sep/2016:02:14:01 +0000] "POST /user/login HTTP/1.1" 200 30 "http://localhost:3000/" "Mozilla/5.0 (Windows NT 10.0; WOW64) AppleWebKit/537.36 (KHTML, like Gecko) Chrome/53.0.2785.116 Safari/537.36"
::1 - - [20/Sep/2016:02:14:01 +0000] "GET /user/status HTTP/1.1" 200 226 "http://localhost:3000/" "Mozilla/5.0 (Windows NT 10.0; WOW64) AppleWebKit/537.36 (KHTML, like Gecko) Chrome/53.0.2785.116 Safari/537.36"
::1 - - [20/Sep/2016:02:14:12 +0000] "GET /user/logout HTTP/1.1" 500 2402 "http://localhost:3000/" "Mozilla/5.0 (Windows NT 10.0; WOW64) AppleWebKit/537.36 (KHTML, like Gecko) Chrome/53.0.2785.116 Safari/537.36"
::1 - - [20/Sep/2016:02:14:45 +0000] "GET /user/status HTTP/1.1" 500 42 "http://localhost:3000/" "Mozilla/5.0 (Windows NT 10.0; WOW64) AppleWebKit/537.36 (KHTML, like Gecko) Chrome/53.0.2785.116 Safari/537.36"
::1 - - [20/Sep/2016:02:14:49 +0000] "POST /user/login HTTP/1.1" 200 30 "http://localhost:3000/" "Mozilla/5.0 (Windows NT 10.0; WOW64) AppleWebKit/537.36 (KHTML, like Gecko) Chrome/53.0.2785.116 Safari/537.36"
::1 - - [20/Sep/2016:02:14:49 +0000] "GET /user/status HTTP/1.1" 200 226 "http://localhost:3000/" "Mozilla/5.0 (Windows NT 10.0; WOW64) AppleWebKit/537.36 (KHTML, like Gecko) Chrome/53.0.2785.116 Safari/537.36"
::1 - - [20/Sep/2016:02:14:52 +0000] "GET /user/logout HTTP/1.1" 500 2402 "http://localhost:3000/" "Mozilla/5.0 (Windows NT 10.0; WOW64) AppleWebKit/537.36 (KHTML, like Gecko) Chrome/53.0.2785.116 Safari/537.36"
::1 - - [20/Sep/2016:02:15:13 +0000] "GET /user/status HTTP/1.1" 500 42 "http://localhost:3000/" "Mozilla/5.0 (Windows NT 10.0; WOW64) AppleWebKit/537.36 (KHTML, like Gecko) Chrome/53.0.2785.116 Safari/537.36"
::1 - - [20/Sep/2016:02:15:17 +0000] "POST /user/login HTTP/1.1" 200 30 "http://localhost:3000/" "Mozilla/5.0 (Windows NT 10.0; WOW64) AppleWebKit/537.36 (KHTML, like Gecko) Chrome/53.0.2785.116 Safari/537.36"
::1 - - [20/Sep/2016:02:15:17 +0000] "GET /user/status HTTP/1.1" 200 226 "http://localhost:3000/" "Mozilla/5.0 (Windows NT 10.0; WOW64) AppleWebKit/537.36 (KHTML, like Gecko) Chrome/53.0.2785.116 Safari/537.36"
::1 - - [20/Sep/2016:02:15:21 +0000] "GET /user/logout HTTP/1.1" 302 46 "http://localhost:3000/" "Mozilla/5.0 (Windows NT 10.0; WOW64) AppleWebKit/537.36 (KHTML, like Gecko) Chrome/53.0.2785.116 Safari/537.36"
::1 - - [20/Sep/2016:02:15:22 +0000] "GET /user/status HTTP/1.1" 500 42 "http://localhost:3000/" "Mozilla/5.0 (Windows NT 10.0; WOW64) AppleWebKit/537.36 (KHTML, like Gecko) Chrome/53.0.2785.116 Safari/537.36"
::1 - - [20/Sep/2016:02:15:28 +0000] "POST /user/login HTTP/1.1" 200 30 "http://localhost:3000/" "Mozilla/5.0 (Windows NT 10.0; WOW64) AppleWebKit/537.36 (KHTML, like Gecko) Chrome/53.0.2785.116 Safari/537.36"
::1 - - [20/Sep/2016:02:15:28 +0000] "GET /user/status HTTP/1.1" 200 226 "http://localhost:3000/" "Mozilla/5.0 (Windows NT 10.0; WOW64) AppleWebKit/537.36 (KHTML, like Gecko) Chrome/53.0.2785.116 Safari/537.36"
::1 - - [20/Sep/2016:02:15:43 +0000] "GET /user/logout HTTP/1.1" 302 46 "http://localhost:3000/" "Mozilla/5.0 (Windows NT 10.0; WOW64) AppleWebKit/537.36 (KHTML, like Gecko) Chrome/53.0.2785.116 Safari/537.36"
::1 - - [20/Sep/2016:02:15:44 +0000] "GET /user/status HTTP/1.1" 500 42 "http://localhost:3000/" "Mozilla/5.0 (Windows NT 10.0; WOW64) AppleWebKit/537.36 (KHTML, like Gecko) Chrome/53.0.2785.116 Safari/537.36"
::1 - - [20/Sep/2016:04:14:08 +0000] "GET /user/status HTTP/1.1" 500 42 "http://localhost:3000/" "Mozilla/5.0 (Windows NT 10.0; WOW64) AppleWebKit/537.36 (KHTML, like Gecko) Chrome/53.0.2785.116 Safari/537.36"
::1 - - [20/Sep/2016:04:21:46 +0000] "GET /user/status HTTP/1.1" 500 42 "http://localhost:3000/" "Mozilla/5.0 (Windows NT 10.0; WOW64) AppleWebKit/537.36 (KHTML, like Gecko) Chrome/53.0.2785.116 Safari/537.36"
::1 - - [20/Sep/2016:05:25:09 +0000] "GET /user/status HTTP/1.1" 500 42 "http://localhost:3000/" "Mozilla/5.0 (Windows NT 10.0; WOW64) AppleWebKit/537.36 (KHTML, like Gecko) Chrome/53.0.2785.116 Safari/537.36"
::1 - - [20/Sep/2016:05:25:13 +0000] "GET /user/search[object%20FormData] HTTP/1.1" 404 2370 "http://localhost:3000/" "Mozilla/5.0 (Windows NT 10.0; WOW64) AppleWebKit/537.36 (KHTML, like Gecko) Chrome/53.0.2785.116 Safari/537.36"
::1 - - [20/Sep/2016:06:05:33 +0000] "GET /user/status HTTP/1.1" 500 42 "http://localhost:3000/" "Mozilla/5.0 (Windows NT 10.0; WOW64) AppleWebKit/537.36 (KHTML, like Gecko) Chrome/53.0.2785.116 Safari/537.36"
::1 - - [20/Sep/2016:06:07:40 +0000] "GET /user/status HTTP/1.1" 500 42 "http://localhost:3000/" "Mozilla/5.0 (Windows NT 10.0; WOW64) AppleWebKit/537.36 (KHTML, like Gecko) Chrome/53.0.2785.116 Safari/537.36"
::1 - - [20/Sep/2016:06:08:05 +0000] "GET /user/search[object%20FormData] HTTP/1.1" 404 2370 "http://localhost:3000/" "Mozilla/5.0 (Windows NT 10.0; WOW64) AppleWebKit/537.36 (KHTML, like Gecko) Chrome/53.0.2785.116 Safari/537.36"
::1 - - [20/Sep/2016:06:10:24 +0000] "GET /user/search[object%20FormData] HTTP/1.1" 404 2370 "http://localhost:3000/" "Mozilla/5.0 (Windows NT 10.0; WOW64) AppleWebKit/537.36 (KHTML, like Gecko) Chrome/53.0.2785.116 Safari/537.36"
::1 - - [20/Sep/2016:06:10:25 +0000] "GET /user/search[object%20FormData] HTTP/1.1" 404 2370 "http://localhost:3000/" "Mozilla/5.0 (Windows NT 10.0; WOW64) AppleWebKit/537.36 (KHTML, like Gecko) Chrome/53.0.2785.116 Safari/537.36"
::1 - - [20/Sep/2016:06:10:25 +0000] "GET /user/search[object%20FormData] HTTP/1.1" 404 2370 "http://localhost:3000/" "Mozilla/5.0 (Windows NT 10.0; WOW64) AppleWebKit/537.36 (KHTML, like Gecko) Chrome/53.0.2785.116 Safari/537.36"
::1 - - [20/Sep/2016:06:10:26 +0000] "GET /user/search[object%20FormData] HTTP/1.1" 404 2370 "http://localhost:3000/" "Mozilla/5.0 (Windows NT 10.0; WOW64) AppleWebKit/537.36 (KHTML, like Gecko) Chrome/53.0.2785.116 Safari/537.36"
::1 - - [20/Sep/2016:06:10:26 +0000] "GET /user/search[object%20FormData] HTTP/1.1" 404 2370 "http://localhost:3000/" "Mozilla/5.0 (Windows NT 10.0; WOW64) AppleWebKit/537.36 (KHTML, like Gecko) Chrome/53.0.2785.116 Safari/537.36"
::1 - - [20/Sep/2016:06:10:26 +0000] "GET /user/search[object%20FormData] HTTP/1.1" 404 2370 "http://localhost:3000/" "Mozilla/5.0 (Windows NT 10.0; WOW64) AppleWebKit/537.36 (KHTML, like Gecko) Chrome/53.0.2785.116 Safari/537.36"
::1 - - [20/Sep/2016:06:10:26 +0000] "GET /user/search[object%20FormData] HTTP/1.1" 404 2370 "http://localhost:3000/" "Mozilla/5.0 (Windows NT 10.0; WOW64) AppleWebKit/537.36 (KHTML, like Gecko) Chrome/53.0.2785.116 Safari/537.36"
::1 - - [20/Sep/2016:06:13:48 +0000] "GET /user/search[object%20FormData] HTTP/1.1" 404 2370 "http://localhost:3000/" "Mozilla/5.0 (Windows NT 10.0; WOW64) AppleWebKit/537.36 (KHTML, like Gecko) Chrome/53.0.2785.116 Safari/537.36"
::1 - - [20/Sep/2016:06:16:10 +0000] "GET /user/search[object%20FormData] HTTP/1.1" 404 2370 "http://localhost:3000/" "Mozilla/5.0 (Windows NT 10.0; WOW64) AppleWebKit/537.36 (KHTML, like Gecko) Chrome/53.0.2785.116 Safari/537.36"
::1 - - [20/Sep/2016:06:16:13 +0000] "GET /user/search[object%20FormData] HTTP/1.1" 404 2370 "http://localhost:3000/" "Mozilla/5.0 (Windows NT 10.0; WOW64) AppleWebKit/537.36 (KHTML, like Gecko) Chrome/53.0.2785.116 Safari/537.36"
::1 - - [20/Sep/2016:06:22:03 +0000] "GET /user/search[object%20FormData] HTTP/1.1" 404 2370 "http://localhost:3000/" "Mozilla/5.0 (Windows NT 10.0; WOW64) AppleWebKit/537.36 (KHTML, like Gecko) Chrome/53.0.2785.116 Safari/537.36"
::1 - - [20/Sep/2016:14:24:21 +0000] "GET /user/status HTTP/1.1" 500 42 "http://localhost:3000/" "Mozilla/5.0 (Windows NT 10.0; WOW64) AppleWebKit/537.36 (KHTML, like Gecko) Chrome/53.0.2785.116 Safari/537.36"
::1 - - [20/Sep/2016:14:24:28 +0000] "GET /user/search[object%20FormData] HTTP/1.1" 404 2370 "http://localhost:3000/" "Mozilla/5.0 (Windows NT 10.0; WOW64) AppleWebKit/537.36 (KHTML, like Gecko) Chrome/53.0.2785.116 Safari/537.36"
::1 - - [20/Sep/2016:14:27:54 +0000] "GET /user/search[object%20FormData] HTTP/1.1" 404 2370 "http://localhost:3000/" "Mozilla/5.0 (Windows NT 10.0; WOW64) AppleWebKit/537.36 (KHTML, like Gecko) Chrome/53.0.2785.116 Safari/537.36"
::1 - - [20/Sep/2016:14:32:24 +0000] "GET /user/status HTTP/1.1" 500 42 "http://localhost:3000/" "Mozilla/5.0 (Windows NT 10.0; WOW64) AppleWebKit/537.36 (KHTML, like Gecko) Chrome/53.0.2785.116 Safari/537.36"
::1 - - [20/Sep/2016:14:36:27 +0000] "GET /user/status HTTP/1.1" 500 42 "http://localhost:3000/" "Mozilla/5.0 (Windows NT 10.0; WOW64) AppleWebKit/537.36 (KHTML, like Gecko) Chrome/53.0.2785.116 Safari/537.36"
::1 - - [20/Sep/2016:14:42:04 +0000] "GET /user/status HTTP/1.1" 500 42 "http://localhost:3000/" "Mozilla/5.0 (Windows NT 10.0; WOW64) AppleWebKit/537.36 (KHTML, like Gecko) Chrome/53.0.2785.116 Safari/537.36"
::1 - - [20/Sep/2016:14:58:18 +0000] "GET /user/search/[object%20FormData] HTTP/1.1" - - "http://localhost:3000/" "Mozilla/5.0 (Windows NT 10.0; WOW64) AppleWebKit/537.36 (KHTML, like Gecko) Chrome/53.0.2785.116 Safari/537.36"
::1 - - [20/Sep/2016:14:58:19 +0000] "GET /user/status HTTP/1.1" 500 42 "http://localhost:3000/" "Mozilla/5.0 (Windows NT 10.0; WOW64) AppleWebKit/537.36 (KHTML, like Gecko) Chrome/53.0.2785.116 Safari/537.36"
::1 - - [20/Sep/2016:15:00:19 +0000] "GET /user/search/[object%20FormData] HTTP/1.1" - - "http://localhost:3000/" "Mozilla/5.0 (Windows NT 10.0; WOW64) AppleWebKit/537.36 (KHTML, like Gecko) Chrome/53.0.2785.116 Safari/537.36"
::1 - - [20/Sep/2016:15:02:19 +0000] "GET /user/search/[object%20FormData] HTTP/1.1" - - "http://localhost:3000/" "Mozilla/5.0 (Windows NT 10.0; WOW64) AppleWebKit/537.36 (KHTML, like Gecko) Chrome/53.0.2785.116 Safari/537.36"
::1 - - [20/Sep/2016:15:29:32 +0000] "GET /user/search/[object%20FormData] HTTP/1.1" - - "http://localhost:3000/" "Mozilla/5.0 (Windows NT 10.0; WOW64) AppleWebKit/537.36 (KHTML, like Gecko) Chrome/53.0.2785.116 Safari/537.36"
::1 - - [20/Sep/2016:15:29:32 +0000] "GET /user/search/[object%20FormData] HTTP/1.1" - - "http://localhost:3000/" "Mozilla/5.0 (Windows NT 10.0; WOW64) AppleWebKit/537.36 (KHTML, like Gecko) Chrome/53.0.2785.116 Safari/537.36"
::1 - - [20/Sep/2016:15:29:34 +0000] "GET /user/search/[object%20FormData] HTTP/1.1" - - "http://localhost:3000/" "Mozilla/5.0 (Windows NT 10.0; WOW64) AppleWebKit/537.36 (KHTML, like Gecko) Chrome/53.0.2785.116 Safari/537.36"
::1 - - [20/Sep/2016:15:29:34 +0000] "GET /user/status HTTP/1.1" 500 42 "http://localhost:3000/" "Mozilla/5.0 (Windows NT 10.0; WOW64) AppleWebKit/537.36 (KHTML, like Gecko) Chrome/53.0.2785.116 Safari/537.36"
::1 - - [20/Sep/2016:15:32:07 +0000] "GET /user/search/[object%20Object] HTTP/1.1" - - "http://localhost:3000/" "Mozilla/5.0 (Windows NT 10.0; WOW64) AppleWebKit/537.36 (KHTML, like Gecko) Chrome/53.0.2785.116 Safari/537.36"
::1 - - [20/Sep/2016:15:34:35 +0000] "GET /user/search/[object%20Object] HTTP/1.1" - - "http://localhost:3000/" "Mozilla/5.0 (Windows NT 10.0; WOW64) AppleWebKit/537.36 (KHTML, like Gecko) Chrome/53.0.2785.116 Safari/537.36"
::1 - - [20/Sep/2016:15:55:19 +0000] "GET /user/search/[object%20Object] HTTP/1.1" - - "http://localhost:3000/" "Mozilla/5.0 (Windows NT 10.0; WOW64) AppleWebKit/537.36 (KHTML, like Gecko) Chrome/53.0.2785.116 Safari/537.36"
::1 - - [20/Sep/2016:15:57:27 +0000] "GET /user/status HTTP/1.1" 500 42 "http://localhost:3000/" "Mozilla/5.0 (Windows NT 10.0; WOW64) AppleWebKit/537.36 (KHTML, like Gecko) Chrome/53.0.2785.116 Safari/537.36"
::1 - - [20/Sep/2016:15:58:19 +0000] "GET /user/status HTTP/1.1" 500 42 "http://localhost:3000/" "Mozilla/5.0 (Windows NT 10.0; WOW64) AppleWebKit/537.36 (KHTML, like Gecko) Chrome/53.0.2785.116 Safari/537.36"
::1 - - [20/Sep/2016:16:01:52 +0000] "GET /user/status HTTP/1.1" 500 42 "http://localhost:3000/" "Mozilla/5.0 (Windows NT 10.0; WOW64) AppleWebKit/537.36 (KHTML, like Gecko) Chrome/53.0.2785.116 Safari/537.36"
::1 - - [20/Sep/2016:16:05:24 +0000] "GET /user/search/[object%20FormData] HTTP/1.1" - - "http://localhost:3000/" "Mozilla/5.0 (Windows NT 10.0; WOW64) AppleWebKit/537.36 (KHTML, like Gecko) Chrome/53.0.2785.116 Safari/537.36"
::1 - - [20/Sep/2016:16:05:24 +0000] "GET /user/search/[object%20FormData] HTTP/1.1" - - "http://localhost:3000/" "Mozilla/5.0 (Windows NT 10.0; WOW64) AppleWebKit/537.36 (KHTML, like Gecko) Chrome/53.0.2785.116 Safari/537.36"
::1 - - [20/Sep/2016:16:05:24 +0000] "GET /user/status HTTP/1.1" 500 42 "http://localhost:3000/" "Mozilla/5.0 (Windows NT 10.0; WOW64) AppleWebKit/537.36 (KHTML, like Gecko) Chrome/53.0.2785.116 Safari/537.36"
::1 - - [20/Sep/2016:16:05:28 +0000] "GET /user/status HTTP/1.1" 500 42 "http://localhost:3000/" "Mozilla/5.0 (Windows NT 10.0; WOW64) AppleWebKit/537.36 (KHTML, like Gecko) Chrome/53.0.2785.116 Safari/537.36"
::1 - - [20/Sep/2016:16:05:30 +0000] "POST /user/login HTTP/1.1" 200 30 "http://localhost:3000/" "Mozilla/5.0 (Windows NT 10.0; WOW64) AppleWebKit/537.36 (KHTML, like Gecko) Chrome/53.0.2785.116 Safari/537.36"
::1 - - [20/Sep/2016:16:05:30 +0000] "GET /user/status HTTP/1.1" 200 226 "http://localhost:3000/" "Mozilla/5.0 (Windows NT 10.0; WOW64) AppleWebKit/537.36 (KHTML, like Gecko) Chrome/53.0.2785.116 Safari/537.36"
::1 - - [20/Sep/2016:16:05:32 +0000] "GET /user/getApt HTTP/1.1" 200 1475 "http://localhost:3000/" "Mozilla/5.0 (Windows NT 10.0; WOW64) AppleWebKit/537.36 (KHTML, like Gecko) Chrome/53.0.2785.116 Safari/537.36"
::1 - - [20/Sep/2016:16:05:32 +0000] "GET /user/current_user HTTP/1.1" 200 226 "http://localhost:3000/" "Mozilla/5.0 (Windows NT 10.0; WOW64) AppleWebKit/537.36 (KHTML, like Gecko) Chrome/53.0.2785.116 Safari/537.36"
::1 - - [20/Sep/2016:16:05:37 +0000] "GET /user/getApt HTTP/1.1" 200 1475 "http://localhost:3000/" "Mozilla/5.0 (Windows NT 10.0; WOW64) AppleWebKit/537.36 (KHTML, like Gecko) Chrome/53.0.2785.116 Safari/537.36"
::1 - - [20/Sep/2016:16:05:37 +0000] "GET /user/current_user HTTP/1.1" 200 226 "http://localhost:3000/" "Mozilla/5.0 (Windows NT 10.0; WOW64) AppleWebKit/537.36 (KHTML, like Gecko) Chrome/53.0.2785.116 Safari/537.36"
::1 - - [20/Sep/2016:16:06:17 +0000] "POST /user/registerApt HTTP/1.1" 200 349 "http://localhost:3000/" "Mozilla/5.0 (Windows NT 10.0; WOW64) AppleWebKit/537.36 (KHTML, like Gecko) Chrome/53.0.2785.116 Safari/537.36"
::1 - - [20/Sep/2016:16:06:17 +0000] "GET /user/getApt HTTP/1.1" 200 1475 "http://localhost:3000/" "Mozilla/5.0 (Windows NT 10.0; WOW64) AppleWebKit/537.36 (KHTML, like Gecko) Chrome/53.0.2785.116 Safari/537.36"
::1 - - [20/Sep/2016:16:06:17 +0000] "GET /user/current_user HTTP/1.1" 200 226 "http://localhost:3000/" "Mozilla/5.0 (Windows NT 10.0; WOW64) AppleWebKit/537.36 (KHTML, like Gecko) Chrome/53.0.2785.116 Safari/537.36"
::1 - - [20/Sep/2016:16:06:23 +0000] "GET /user/getApt HTTP/1.1" 200 1475 "http://localhost:3000/" "Mozilla/5.0 (Windows NT 10.0; WOW64) AppleWebKit/537.36 (KHTML, like Gecko) Chrome/53.0.2785.116 Safari/537.36"
::1 - - [20/Sep/2016:16:06:23 +0000] "GET /user/current_user HTTP/1.1" 200 226 "http://localhost:3000/" "Mozilla/5.0 (Windows NT 10.0; WOW64) AppleWebKit/537.36 (KHTML, like Gecko) Chrome/53.0.2785.116 Safari/537.36"
::1 - - [20/Sep/2016:16:06:34 +0000] "GET /user/getApt HTTP/1.1" 200 1475 "http://localhost:3000/" "Mozilla/5.0 (Windows NT 10.0; WOW64) AppleWebKit/537.36 (KHTML, like Gecko) Chrome/53.0.2785.116 Safari/537.36"
::1 - - [20/Sep/2016:16:06:34 +0000] "GET /user/current_user HTTP/1.1" 200 226 "http://localhost:3000/" "Mozilla/5.0 (Windows NT 10.0; WOW64) AppleWebKit/537.36 (KHTML, like Gecko) Chrome/53.0.2785.116 Safari/537.36"
::1 - - [20/Sep/2016:16:06:39 +0000] "GET /user/getApt HTTP/1.1" 200 1475 "http://localhost:3000/" "Mozilla/5.0 (Windows NT 10.0; WOW64) AppleWebKit/537.36 (KHTML, like Gecko) Chrome/53.0.2785.116 Safari/537.36"
::1 - - [20/Sep/2016:16:06:39 +0000] "GET /user/current_user HTTP/1.1" 200 226 "http://localhost:3000/" "Mozilla/5.0 (Windows NT 10.0; WOW64) AppleWebKit/537.36 (KHTML, like Gecko) Chrome/53.0.2785.116 Safari/537.36"
::1 - - [20/Sep/2016:16:07:02 +0000] "POST /user/registerApt HTTP/1.1" 200 420 "http://localhost:3000/" "Mozilla/5.0 (Windows NT 10.0; WOW64) AppleWebKit/537.36 (KHTML, like Gecko) Chrome/53.0.2785.116 Safari/537.36"
::1 - - [20/Sep/2016:16:07:03 +0000] "GET /user/getApt HTTP/1.1" 200 1896 "http://localhost:3000/" "Mozilla/5.0 (Windows NT 10.0; WOW64) AppleWebKit/537.36 (KHTML, like Gecko) Chrome/53.0.2785.116 Safari/537.36"
::1 - - [20/Sep/2016:16:07:03 +0000] "GET /user/current_user HTTP/1.1" 200 226 "http://localhost:3000/" "Mozilla/5.0 (Windows NT 10.0; WOW64) AppleWebKit/537.36 (KHTML, like Gecko) Chrome/53.0.2785.116 Safari/537.36"
::1 - - [20/Sep/2016:16:07:10 +0000] "GET /user/getApt HTTP/1.1" 200 1896 "http://localhost:3000/" "Mozilla/5.0 (Windows NT 10.0; WOW64) AppleWebKit/537.36 (KHTML, like Gecko) Chrome/53.0.2785.116 Safari/537.36"
::1 - - [20/Sep/2016:16:07:10 +0000] "GET /user/current_user HTTP/1.1" 200 226 "http://localhost:3000/" "Mozilla/5.0 (Windows NT 10.0; WOW64) AppleWebKit/537.36 (KHTML, like Gecko) Chrome/53.0.2785.116 Safari/537.36"
::1 - - [20/Sep/2016:16:10:11 +0000] "GET /user/getApt HTTP/1.1" 200 1896 "http://localhost:3000/" "Mozilla/5.0 (Windows NT 10.0; WOW64) AppleWebKit/537.36 (KHTML, like Gecko) Chrome/53.0.2785.116 Safari/537.36"
::1 - - [20/Sep/2016:16:10:11 +0000] "GET /user/current_user HTTP/1.1" 200 226 "http://localhost:3000/" "Mozilla/5.0 (Windows NT 10.0; WOW64) AppleWebKit/537.36 (KHTML, like Gecko) Chrome/53.0.2785.116 Safari/537.36"
::1 - - [20/Sep/2016:16:10:13 +0000] "GET /user/getApt HTTP/1.1" 200 1896 "http://localhost:3000/" "Mozilla/5.0 (Windows NT 10.0; WOW64) AppleWebKit/537.36 (KHTML, like Gecko) Chrome/53.0.2785.116 Safari/537.36"
::1 - - [20/Sep/2016:16:10:13 +0000] "GET /user/current_user HTTP/1.1" 200 226 "http://localhost:3000/" "Mozilla/5.0 (Windows NT 10.0; WOW64) AppleWebKit/537.36 (KHTML, like Gecko) Chrome/53.0.2785.116 Safari/537.36"
::1 - - [20/Sep/2016:16:10:16 +0000] "GET /user/getApt HTTP/1.1" 200 1896 "http://localhost:3000/" "Mozilla/5.0 (Windows NT 10.0; WOW64) AppleWebKit/537.36 (KHTML, like Gecko) Chrome/53.0.2785.116 Safari/537.36"
::1 - - [20/Sep/2016:16:10:16 +0000] "GET /user/current_user HTTP/1.1" 200 226 "http://localhost:3000/" "Mozilla/5.0 (Windows NT 10.0; WOW64) AppleWebKit/537.36 (KHTML, like Gecko) Chrome/53.0.2785.116 Safari/537.36"
::1 - - [20/Sep/2016:16:10:17 +0000] "GET /user/getApt HTTP/1.1" 200 1896 "http://localhost:3000/" "Mozilla/5.0 (Windows NT 10.0; WOW64) AppleWebKit/537.36 (KHTML, like Gecko) Chrome/53.0.2785.116 Safari/537.36"
::1 - - [20/Sep/2016:16:10:17 +0000] "GET /user/current_user HTTP/1.1" 200 226 "http://localhost:3000/" "Mozilla/5.0 (Windows NT 10.0; WOW64) AppleWebKit/537.36 (KHTML, like Gecko) Chrome/53.0.2785.116 Safari/537.36"
::1 - - [20/Sep/2016:16:10:17 +0000] "GET /user/status HTTP/1.1" 200 226 "http://localhost:3000/" "Mozilla/5.0 (Windows NT 10.0; WOW64) AppleWebKit/537.36 (KHTML, like Gecko) Chrome/53.0.2785.116 Safari/537.36"
::1 - - [20/Sep/2016:16:17:38 +0000] "GET /user/search/[object%20FormData] HTTP/1.1" - - "http://localhost:3000/" "Mozilla/5.0 (Windows NT 10.0; WOW64) AppleWebKit/537.36 (KHTML, like Gecko) Chrome/53.0.2785.116 Safari/537.36"
::1 - - [20/Sep/2016:16:17:38 +0000] "GET /user/search/[object%20FormData] HTTP/1.1" - - "http://localhost:3000/" "Mozilla/5.0 (Windows NT 10.0; WOW64) AppleWebKit/537.36 (KHTML, like Gecko) Chrome/53.0.2785.116 Safari/537.36"
::1 - - [20/Sep/2016:16:21:45 +0000] "GET /user/status HTTP/1.1" 200 226 "http://localhost:3000/" "Mozilla/5.0 (Windows NT 10.0; WOW64) AppleWebKit/537.36 (KHTML, like Gecko) Chrome/53.0.2785.116 Safari/537.36"
::1 - - [20/Sep/2016:16:22:01 +0000] "GET /user/search/ HTTP/1.1" 404 2352 "http://localhost:3000/" "Mozilla/5.0 (Windows NT 10.0; WOW64) AppleWebKit/537.36 (KHTML, like Gecko) Chrome/53.0.2785.116 Safari/537.36"
::1 - - [20/Sep/2016:16:23:44 +0000] "GET /user/search/ HTTP/1.1" 404 2352 "http://localhost:3000/" "Mozilla/5.0 (Windows NT 10.0; WOW64) AppleWebKit/537.36 (KHTML, like Gecko) Chrome/53.0.2785.116 Safari/537.36"
::1 - - [20/Sep/2016:16:23:45 +0000] "GET /user/search/ HTTP/1.1" 404 2352 "http://localhost:3000/" "Mozilla/5.0 (Windows NT 10.0; WOW64) AppleWebKit/537.36 (KHTML, like Gecko) Chrome/53.0.2785.116 Safari/537.36"
::1 - - [20/Sep/2016:16:23:45 +0000] "GET /user/search/ HTTP/1.1" 404 2352 "http://localhost:3000/" "Mozilla/5.0 (Windows NT 10.0; WOW64) AppleWebKit/537.36 (KHTML, like Gecko) Chrome/53.0.2785.116 Safari/537.36"
::1 - - [20/Sep/2016:16:23:45 +0000] "GET /user/search/ HTTP/1.1" 404 2352 "http://localhost:3000/" "Mozilla/5.0 (Windows NT 10.0; WOW64) AppleWebKit/537.36 (KHTML, like Gecko) Chrome/53.0.2785.116 Safari/537.36"
::1 - - [20/Sep/2016:16:23:45 +0000] "GET /user/search/ HTTP/1.1" 404 2352 "http://localhost:3000/" "Mozilla/5.0 (Windows NT 10.0; WOW64) AppleWebKit/537.36 (KHTML, like Gecko) Chrome/53.0.2785.116 Safari/537.36"
::1 - - [20/Sep/2016:16:23:45 +0000] "GET /user/search/ HTTP/1.1" 404 2352 "http://localhost:3000/" "Mozilla/5.0 (Windows NT 10.0; WOW64) AppleWebKit/537.36 (KHTML, like Gecko) Chrome/53.0.2785.116 Safari/537.36"
::1 - - [20/Sep/2016:16:23:46 +0000] "GET /user/search/ HTTP/1.1" 404 2352 "http://localhost:3000/" "Mozilla/5.0 (Windows NT 10.0; WOW64) AppleWebKit/537.36 (KHTML, like Gecko) Chrome/53.0.2785.116 Safari/537.36"
::1 - - [20/Sep/2016:16:23:46 +0000] "GET /user/search/ HTTP/1.1" 404 2352 "http://localhost:3000/" "Mozilla/5.0 (Windows NT 10.0; WOW64) AppleWebKit/537.36 (KHTML, like Gecko) Chrome/53.0.2785.116 Safari/537.36"
::1 - - [20/Sep/2016:16:23:46 +0000] "GET /user/search/ HTTP/1.1" 404 2352 "http://localhost:3000/" "Mozilla/5.0 (Windows NT 10.0; WOW64) AppleWebKit/537.36 (KHTML, like Gecko) Chrome/53.0.2785.116 Safari/537.36"
::1 - - [20/Sep/2016:16:23:46 +0000] "GET /user/search/ HTTP/1.1" 404 2352 "http://localhost:3000/" "Mozilla/5.0 (Windows NT 10.0; WOW64) AppleWebKit/537.36 (KHTML, like Gecko) Chrome/53.0.2785.116 Safari/537.36"
::1 - - [20/Sep/2016:16:23:46 +0000] "GET /user/search/ HTTP/1.1" 404 2352 "http://localhost:3000/" "Mozilla/5.0 (Windows NT 10.0; WOW64) AppleWebKit/537.36 (KHTML, like Gecko) Chrome/53.0.2785.116 Safari/537.36"
::1 - - [20/Sep/2016:21:52:34 +0000] "GET /user/status HTTP/1.1" 304 - "http://localhost:3000/" "Mozilla/5.0 (Windows NT 10.0; WOW64) AppleWebKit/537.36 (KHTML, like Gecko) Chrome/53.0.2785.116 Safari/537.36"
::1 - - [20/Sep/2016:21:52:39 +0000] "GET /user/search/ HTTP/1.1" 404 2352 "http://localhost:3000/" "Mozilla/5.0 (Windows NT 10.0; WOW64) AppleWebKit/537.36 (KHTML, like Gecko) Chrome/53.0.2785.116 Safari/537.36"
::1 - - [20/Sep/2016:21:53:02 +0000] "GET /user/status HTTP/1.1" 304 - "http://localhost:3000/" "Mozilla/5.0 (Windows NT 10.0; WOW64) AppleWebKit/537.36 (KHTML, like Gecko) Chrome/53.0.2785.116 Safari/537.36"
::1 - - [20/Sep/2016:21:53:13 +0000] "GET /user/search/ HTTP/1.1" 404 2352 "http://localhost:3000/" "Mozilla/5.0 (Windows NT 10.0; WOW64) AppleWebKit/537.36 (KHTML, like Gecko) Chrome/53.0.2785.116 Safari/537.36"
::1 - - [20/Sep/2016:21:54:12 +0000] "GET /user/status HTTP/1.1" 304 - "http://localhost:3000/" "Mozilla/5.0 (Windows NT 10.0; WOW64) AppleWebKit/537.36 (KHTML, like Gecko) Chrome/53.0.2785.116 Safari/537.36"
::1 - - [20/Sep/2016:21:57:47 +0000] "GET /user/search/[object%20FormData] HTTP/1.1" 500 2314 "http://localhost:3000/" "Mozilla/5.0 (Windows NT 10.0; WOW64) AppleWebKit/537.36 (KHTML, like Gecko) Chrome/53.0.2785.116 Safari/537.36"
::1 - - [20/Sep/2016:22:16:27 +0000] "GET /user/search/[object%20FormData] HTTP/1.1" - - "http://localhost:3000/" "Mozilla/5.0 (Windows NT 10.0; WOW64) AppleWebKit/537.36 (KHTML, like Gecko) Chrome/53.0.2785.116 Safari/537.36"
::1 - - [20/Sep/2016:22:28:29 +0000] "GET /user/search/[object%20FormData] HTTP/1.1" - - "http://localhost:3000/" "Mozilla/5.0 (Windows NT 10.0; WOW64) AppleWebKit/537.36 (KHTML, like Gecko) Chrome/53.0.2785.116 Safari/537.36"
::1 - - [20/Sep/2016:22:29:34 +0000] "GET /user/status HTTP/1.1" 304 - "http://localhost:3000/" "Mozilla/5.0 (Windows NT 10.0; WOW64) AppleWebKit/537.36 (KHTML, like Gecko) Chrome/53.0.2785.116 Safari/537.36"
::1 - - [20/Sep/2016:22:30:42 +0000] "GET /user/search/[object%20Object] HTTP/1.1" - - "http://localhost:3000/" "Mozilla/5.0 (Windows NT 10.0; WOW64) AppleWebKit/537.36 (KHTML, like Gecko) Chrome/53.0.2785.116 Safari/537.36"
::1 - - [20/Sep/2016:22:30:42 +0000] "GET /user/status HTTP/1.1" 304 - "http://localhost:3000/" "Mozilla/5.0 (Windows NT 10.0; WOW64) AppleWebKit/537.36 (KHTML, like Gecko) Chrome/53.0.2785.116 Safari/537.36"
::1 - - [20/Sep/2016:22:32:01 +0000] "GET /user/search/[object%20Object] HTTP/1.1" - - "http://localhost:3000/" "Mozilla/5.0 (Windows NT 10.0; WOW64) AppleWebKit/537.36 (KHTML, like Gecko) Chrome/53.0.2785.116 Safari/537.36"
::1 - - [20/Sep/2016:22:32:02 +0000] "GET /user/status HTTP/1.1" 200 226 "http://localhost:3000/" "Mozilla/5.0 (Windows NT 10.0; WOW64) AppleWebKit/537.36 (KHTML, like Gecko) Chrome/53.0.2785.116 Safari/537.36"
::1 - - [20/Sep/2016:22:34:02 +0000] "GET /user/search/%7B%22searchText%22:%22asd%22%7D HTTP/1.1" - - "http://localhost:3000/" "Mozilla/5.0 (Windows NT 10.0; WOW64) AppleWebKit/537.36 (KHTML, like Gecko) Chrome/53.0.2785.116 Safari/537.36"
::1 - - [20/Sep/2016:22:36:02 +0000] "GET /user/search/%7B%22searchText%22:%22asd%22%7D HTTP/1.1" - - "http://localhost:3000/" "Mozilla/5.0 (Windows NT 10.0; WOW64) AppleWebKit/537.36 (KHTML, like Gecko) Chrome/53.0.2785.116 Safari/537.36"
::1 - - [20/Sep/2016:22:38:24 +0000] "GET /user/search/%7B%22searchText%22:%22asd%22%7D HTTP/1.1" - - "http://localhost:3000/" "Mozilla/5.0 (Windows NT 10.0; WOW64) AppleWebKit/537.36 (KHTML, like Gecko) Chrome/53.0.2785.116 Safari/537.36"
::ffff:127.0.0.1 - - [20/Sep/2016:22:38:24 +0000] "GET /user/search/%7B%22searchText%22:%22asd%22%7D HTTP/1.1" - - "http://localhost:3000/" "Mozilla/5.0 (Windows NT 10.0; WOW64) AppleWebKit/537.36 (KHTML, like Gecko) Chrome/53.0.2785.116 Safari/537.36"
::ffff:127.0.0.1 - - [20/Sep/2016:22:38:24 +0000] "GET /user/search/%7B%22searchText%22:%22asd%22%7D HTTP/1.1" - - "http://localhost:3000/" "Mozilla/5.0 (Windows NT 10.0; WOW64) AppleWebKit/537.36 (KHTML, like Gecko) Chrome/53.0.2785.116 Safari/537.36"
::ffff:127.0.0.1 - - [20/Sep/2016:22:38:24 +0000] "GET /user/search/%7B%22searchText%22:%22asd%22%7D HTTP/1.1" - - "http://localhost:3000/" "Mozilla/5.0 (Windows NT 10.0; WOW64) AppleWebKit/537.36 (KHTML, like Gecko) Chrome/53.0.2785.116 Safari/537.36"
::1 - - [20/Sep/2016:22:38:24 +0000] "GET /user/search/%7B%22searchText%22:%22asd%22%7D HTTP/1.1" - - "http://localhost:3000/" "Mozilla/5.0 (Windows NT 10.0; WOW64) AppleWebKit/537.36 (KHTML, like Gecko) Chrome/53.0.2785.116 Safari/537.36"
::ffff:127.0.0.1 - - [20/Sep/2016:22:38:24 +0000] "GET /user/search/%7B%22searchText%22:%22asd%22%7D HTTP/1.1" - - "http://localhost:3000/" "Mozilla/5.0 (Windows NT 10.0; WOW64) AppleWebKit/537.36 (KHTML, like Gecko) Chrome/53.0.2785.116 Safari/537.36"
::1 - - [20/Sep/2016:22:40:24 +0000] "GET /user/search/%7B%22searchText%22:%22asd%22%7D HTTP/1.1" - - "http://localhost:3000/" "Mozilla/5.0 (Windows NT 10.0; WOW64) AppleWebKit/537.36 (KHTML, like Gecko) Chrome/53.0.2785.116 Safari/537.36"
::1 - - [20/Sep/2016:22:40:24 +0000] "GET /user/search/%7B%22searchText%22:%22asd%22%7D HTTP/1.1" - - "http://localhost:3000/" "Mozilla/5.0 (Windows NT 10.0; WOW64) AppleWebKit/537.36 (KHTML, like Gecko) Chrome/53.0.2785.116 Safari/537.36"
::1 - - [20/Sep/2016:22:40:24 +0000] "GET /user/search/%7B%22searchText%22:%22asd%22%7D HTTP/1.1" - - "http://localhost:3000/" "Mozilla/5.0 (Windows NT 10.0; WOW64) AppleWebKit/537.36 (KHTML, like Gecko) Chrome/53.0.2785.116 Safari/537.36"
::1 - - [20/Sep/2016:22:40:24 +0000] "GET /user/search/%7B%22searchText%22:%22asd%22%7D HTTP/1.1" - - "http://localhost:3000/" "Mozilla/5.0 (Windows NT 10.0; WOW64) AppleWebKit/537.36 (KHTML, like Gecko) Chrome/53.0.2785.116 Safari/537.36"
::1 - - [20/Sep/2016:22:40:24 +0000] "GET /user/search/%7B%22searchText%22:%22asd%22%7D HTTP/1.1" - - "http://localhost:3000/" "Mozilla/5.0 (Windows NT 10.0; WOW64) AppleWebKit/537.36 (KHTML, like Gecko) Chrome/53.0.2785.116 Safari/537.36"
::1 - - [20/Sep/2016:22:40:24 +0000] "GET /user/search/%7B%22searchText%22:%22asd%22%7D HTTP/1.1" - - "http://localhost:3000/" "Mozilla/5.0 (Windows NT 10.0; WOW64) AppleWebKit/537.36 (KHTML, like Gecko) Chrome/53.0.2785.116 Safari/537.36"
::1 - - [20/Sep/2016:22:42:24 +0000] "GET /user/search/%7B%22searchText%22:%22asd%22%7D HTTP/1.1" - - "http://localhost:3000/" "Mozilla/5.0 (Windows NT 10.0; WOW64) AppleWebKit/537.36 (KHTML, like Gecko) Chrome/53.0.2785.116 Safari/537.36"
::1 - - [20/Sep/2016:22:42:24 +0000] "GET /user/search/%7B%22searchText%22:%22asd%22%7D HTTP/1.1" - - "http://localhost:3000/" "Mozilla/5.0 (Windows NT 10.0; WOW64) AppleWebKit/537.36 (KHTML, like Gecko) Chrome/53.0.2785.116 Safari/537.36"
::1 - - [20/Sep/2016:22:42:24 +0000] "GET /user/search/%7B%22searchText%22:%22asd%22%7D HTTP/1.1" - - "http://localhost:3000/" "Mozilla/5.0 (Windows NT 10.0; WOW64) AppleWebKit/537.36 (KHTML, like Gecko) Chrome/53.0.2785.116 Safari/537.36"
::1 - - [20/Sep/2016:22:42:24 +0000] "GET /user/search/%7B%22searchText%22:%22asd%22%7D HTTP/1.1" - - "http://localhost:3000/" "Mozilla/5.0 (Windows NT 10.0; WOW64) AppleWebKit/537.36 (KHTML, like Gecko) Chrome/53.0.2785.116 Safari/537.36"
::1 - - [20/Sep/2016:22:42:24 +0000] "GET /user/search/%7B%22searchText%22:%22asd%22%7D HTTP/1.1" - - "http://localhost:3000/" "Mozilla/5.0 (Windows NT 10.0; WOW64) AppleWebKit/537.36 (KHTML, like Gecko) Chrome/53.0.2785.116 Safari/537.36"
::1 - - [20/Sep/2016:22:42:24 +0000] "GET /user/search/%7B%22searchText%22:%22asd%22%7D HTTP/1.1" - - "http://localhost:3000/" "Mozilla/5.0 (Windows NT 10.0; WOW64) AppleWebKit/537.36 (KHTML, like Gecko) Chrome/53.0.2785.116 Safari/537.36"
::1 - - [20/Sep/2016:22:44:24 +0000] "GET /user/search/%7B%22searchText%22:%22asd%22%7D HTTP/1.1" - - "http://localhost:3000/" "Mozilla/5.0 (Windows NT 10.0; WOW64) AppleWebKit/537.36 (KHTML, like Gecko) Chrome/53.0.2785.116 Safari/537.36"
::1 - - [20/Sep/2016:22:44:24 +0000] "GET /user/search/%7B%22searchText%22:%22asd%22%7D HTTP/1.1" - - "http://localhost:3000/" "Mozilla/5.0 (Windows NT 10.0; WOW64) AppleWebKit/537.36 (KHTML, like Gecko) Chrome/53.0.2785.116 Safari/537.36"
::1 - - [20/Sep/2016:22:44:24 +0000] "GET /user/search/%7B%22searchText%22:%22asd%22%7D HTTP/1.1" - - "http://localhost:3000/" "Mozilla/5.0 (Windows NT 10.0; WOW64) AppleWebKit/537.36 (KHTML, like Gecko) Chrome/53.0.2785.116 Safari/537.36"
::1 - - [20/Sep/2016:22:44:24 +0000] "GET /user/search/%7B%22searchText%22:%22asd%22%7D HTTP/1.1" - - "http://localhost:3000/" "Mozilla/5.0 (Windows NT 10.0; WOW64) AppleWebKit/537.36 (KHTML, like Gecko) Chrome/53.0.2785.116 Safari/537.36"
::1 - - [20/Sep/2016:22:44:24 +0000] "GET /user/search/%7B%22searchText%22:%22asd%22%7D HTTP/1.1" - - "http://localhost:3000/" "Mozilla/5.0 (Windows NT 10.0; WOW64) AppleWebKit/537.36 (KHTML, like Gecko) Chrome/53.0.2785.116 Safari/537.36"
::1 - - [20/Sep/2016:22:44:24 +0000] "GET /user/search/%7B%22searchText%22:%22asd%22%7D HTTP/1.1" - - "http://localhost:3000/" "Mozilla/5.0 (Windows NT 10.0; WOW64) AppleWebKit/537.36 (KHTML, like Gecko) Chrome/53.0.2785.116 Safari/537.36"
::1 - - [20/Sep/2016:22:46:24 +0000] "GET /user/search/%7B%22searchText%22:%22asd%22%7D HTTP/1.1" - - "http://localhost:3000/" "Mozilla/5.0 (Windows NT 10.0; WOW64) AppleWebKit/537.36 (KHTML, like Gecko) Chrome/53.0.2785.116 Safari/537.36"
::1 - - [20/Sep/2016:22:46:24 +0000] "GET /user/search/%7B%22searchText%22:%22asd%22%7D HTTP/1.1" - - "http://localhost:3000/" "Mozilla/5.0 (Windows NT 10.0; WOW64) AppleWebKit/537.36 (KHTML, like Gecko) Chrome/53.0.2785.116 Safari/537.36"
::1 - - [20/Sep/2016:22:46:24 +0000] "GET /user/search/%7B%22searchText%22:%22asd%22%7D HTTP/1.1" - - "http://localhost:3000/" "Mozilla/5.0 (Windows NT 10.0; WOW64) AppleWebKit/537.36 (KHTML, like Gecko) Chrome/53.0.2785.116 Safari/537.36"
::1 - - [20/Sep/2016:22:46:24 +0000] "GET /user/search/%7B%22searchText%22:%22asd%22%7D HTTP/1.1" - - "http://localhost:3000/" "Mozilla/5.0 (Windows NT 10.0; WOW64) AppleWebKit/537.36 (KHTML, like Gecko) Chrome/53.0.2785.116 Safari/537.36"
::1 - - [20/Sep/2016:22:46:24 +0000] "GET /user/search/%7B%22searchText%22:%22asd%22%7D HTTP/1.1" - - "http://localhost:3000/" "Mozilla/5.0 (Windows NT 10.0; WOW64) AppleWebKit/537.36 (KHTML, like Gecko) Chrome/53.0.2785.116 Safari/537.36"
::1 - - [20/Sep/2016:22:46:24 +0000] "GET /user/search/%7B%22searchText%22:%22asd%22%7D HTTP/1.1" - - "http://localhost:3000/" "Mozilla/5.0 (Windows NT 10.0; WOW64) AppleWebKit/537.36 (KHTML, like Gecko) Chrome/53.0.2785.116 Safari/537.36"
::1 - - [20/Sep/2016:22:48:24 +0000] "GET /user/search/%7B%22searchText%22:%22asd%22%7D HTTP/1.1" - - "http://localhost:3000/" "Mozilla/5.0 (Windows NT 10.0; WOW64) AppleWebKit/537.36 (KHTML, like Gecko) Chrome/53.0.2785.116 Safari/537.36"
::1 - - [20/Sep/2016:22:48:24 +0000] "GET /user/search/%7B%22searchText%22:%22asd%22%7D HTTP/1.1" - - "http://localhost:3000/" "Mozilla/5.0 (Windows NT 10.0; WOW64) AppleWebKit/537.36 (KHTML, like Gecko) Chrome/53.0.2785.116 Safari/537.36"
::1 - - [20/Sep/2016:22:48:24 +0000] "GET /user/search/%7B%22searchText%22:%22asd%22%7D HTTP/1.1" - - "http://localhost:3000/" "Mozilla/5.0 (Windows NT 10.0; WOW64) AppleWebKit/537.36 (KHTML, like Gecko) Chrome/53.0.2785.116 Safari/537.36"
::1 - - [20/Sep/2016:22:48:24 +0000] "GET /user/search/%7B%22searchText%22:%22asd%22%7D HTTP/1.1" - - "http://localhost:3000/" "Mozilla/5.0 (Windows NT 10.0; WOW64) AppleWebKit/537.36 (KHTML, like Gecko) Chrome/53.0.2785.116 Safari/537.36"
::1 - - [20/Sep/2016:22:48:24 +0000] "GET /user/search/%7B%22searchText%22:%22asd%22%7D HTTP/1.1" - - "http://localhost:3000/" "Mozilla/5.0 (Windows NT 10.0; WOW64) AppleWebKit/537.36 (KHTML, like Gecko) Chrome/53.0.2785.116 Safari/537.36"
::1 - - [20/Sep/2016:22:48:24 +0000] "GET /user/search/%7B%22searchText%22:%22asd%22%7D HTTP/1.1" - - "http://localhost:3000/" "Mozilla/5.0 (Windows NT 10.0; WOW64) AppleWebKit/537.36 (KHTML, like Gecko) Chrome/53.0.2785.116 Safari/537.36"
::1 - - [20/Sep/2016:22:50:24 +0000] "GET /user/search/%7B%22searchText%22:%22asd%22%7D HTTP/1.1" - - "http://localhost:3000/" "Mozilla/5.0 (Windows NT 10.0; WOW64) AppleWebKit/537.36 (KHTML, like Gecko) Chrome/53.0.2785.116 Safari/537.36"
::1 - - [20/Sep/2016:22:50:24 +0000] "GET /user/search/%7B%22searchText%22:%22asd%22%7D HTTP/1.1" - - "http://localhost:3000/" "Mozilla/5.0 (Windows NT 10.0; WOW64) AppleWebKit/537.36 (KHTML, like Gecko) Chrome/53.0.2785.116 Safari/537.36"
::1 - - [20/Sep/2016:22:50:24 +0000] "GET /user/search/%7B%22searchText%22:%22asd%22%7D HTTP/1.1" - - "http://localhost:3000/" "Mozilla/5.0 (Windows NT 10.0; WOW64) AppleWebKit/537.36 (KHTML, like Gecko) Chrome/53.0.2785.116 Safari/537.36"
::1 - - [20/Sep/2016:22:50:24 +0000] "GET /user/search/%7B%22searchText%22:%22asd%22%7D HTTP/1.1" - - "http://localhost:3000/" "Mozilla/5.0 (Windows NT 10.0; WOW64) AppleWebKit/537.36 (KHTML, like Gecko) Chrome/53.0.2785.116 Safari/537.36"
::1 - - [20/Sep/2016:22:50:24 +0000] "GET /user/search/%7B%22searchText%22:%22asd%22%7D HTTP/1.1" - - "http://localhost:3000/" "Mozilla/5.0 (Windows NT 10.0; WOW64) AppleWebKit/537.36 (KHTML, like Gecko) Chrome/53.0.2785.116 Safari/537.36"
::1 - - [20/Sep/2016:22:50:24 +0000] "GET /user/search/%7B%22searchText%22:%22asd%22%7D HTTP/1.1" - - "http://localhost:3000/" "Mozilla/5.0 (Windows NT 10.0; WOW64) AppleWebKit/537.36 (KHTML, like Gecko) Chrome/53.0.2785.116 Safari/537.36"
::1 - - [20/Sep/2016:22:53:53 +0000] "GET /user/search/%7B%22searchText%22:%22asd%22%7D HTTP/1.1" 404 2384 "http://localhost:3000/" "Mozilla/5.0 (Windows NT 10.0; WOW64) AppleWebKit/537.36 (KHTML, like Gecko) Chrome/53.0.2785.116 Safari/537.36"
::1 - - [20/Sep/2016:23:02:41 +0000] "GET /user/search/%7B%22searchText%22:%22asd%22%7D HTTP/1.1" 404 2384 "http://localhost:3000/" "Mozilla/5.0 (Windows NT 10.0; WOW64) AppleWebKit/537.36 (KHTML, like Gecko) Chrome/53.0.2785.116 Safari/537.36"
::1 - - [20/Sep/2016:23:02:42 +0000] "GET /user/search/%7B%22searchText%22:%22asd%22%7D HTTP/1.1" 404 2384 "http://localhost:3000/" "Mozilla/5.0 (Windows NT 10.0; WOW64) AppleWebKit/537.36 (KHTML, like Gecko) Chrome/53.0.2785.116 Safari/537.36"
::1 - - [20/Sep/2016:23:02:43 +0000] "GET /user/search/%7B%22searchText%22:%22asd%22%7D HTTP/1.1" 404 2384 "http://localhost:3000/" "Mozilla/5.0 (Windows NT 10.0; WOW64) AppleWebKit/537.36 (KHTML, like Gecko) Chrome/53.0.2785.116 Safari/537.36"
::1 - - [20/Sep/2016:23:02:43 +0000] "GET /user/search/%7B%22searchText%22:%22asd%22%7D HTTP/1.1" 404 2384 "http://localhost:3000/" "Mozilla/5.0 (Windows NT 10.0; WOW64) AppleWebKit/537.36 (KHTML, like Gecko) Chrome/53.0.2785.116 Safari/537.36"
::1 - - [20/Sep/2016:23:02:44 +0000] "GET /user/search/%7B%22searchText%22:%22asd%22%7D HTTP/1.1" 404 2384 "http://localhost:3000/" "Mozilla/5.0 (Windows NT 10.0; WOW64) AppleWebKit/537.36 (KHTML, like Gecko) Chrome/53.0.2785.116 Safari/537.36"
::1 - - [20/Sep/2016:23:02:49 +0000] "GET /user/search/%7B%22searchText%22:%22asd%22%7D HTTP/1.1" 404 2384 "http://localhost:3000/" "Mozilla/5.0 (Windows NT 10.0; WOW64) AppleWebKit/537.36 (KHTML, like Gecko) Chrome/53.0.2785.116 Safari/537.36"
::1 - - [20/Sep/2016:23:38:39 +0000] "GET /user/search/%7B%22searchText%22:%22asd%22%7D HTTP/1.1" - - "http://localhost:3000/" "Mozilla/5.0 (Windows NT 10.0; WOW64) AppleWebKit/537.36 (KHTML, like Gecko) Chrome/53.0.2785.116 Safari/537.36"
::1 - - [20/Sep/2016:23:38:51 +0000] "GET /user/search/%7B%22searchText%22:%22asd%22%7D HTTP/1.1" - - "http://localhost:3000/" "Mozilla/5.0 (Windows NT 10.0; WOW64) AppleWebKit/537.36 (KHTML, like Gecko) Chrome/53.0.2785.116 Safari/537.36"
::1 - - [20/Sep/2016:23:38:51 +0000] "GET /user/search/%7B%22searchText%22:%22asd%22%7D HTTP/1.1" - - "http://localhost:3000/" "Mozilla/5.0 (Windows NT 10.0; WOW64) AppleWebKit/537.36 (KHTML, like Gecko) Chrome/53.0.2785.116 Safari/537.36"
::1 - - [21/Sep/2016:00:29:29 +0000] "GET /user/status HTTP/1.1" 200 226 "http://localhost:3000/" "Mozilla/5.0 (Windows NT 10.0; WOW64) AppleWebKit/537.36 (KHTML, like Gecko) Chrome/53.0.2785.116 Safari/537.36"
::1 - - [21/Sep/2016:00:31:29 +0000] "GET /user/search/[object%20Object] HTTP/1.1" - - "http://localhost:3000/" "Mozilla/5.0 (Windows NT 10.0; WOW64) AppleWebKit/537.36 (KHTML, like Gecko) Chrome/53.0.2785.116 Safari/537.36"
::1 - - [21/Sep/2016:00:33:29 +0000] "GET /user/search/[object%20Object] HTTP/1.1" - - "http://localhost:3000/" "Mozilla/5.0 (Windows NT 10.0; WOW64) AppleWebKit/537.36 (KHTML, like Gecko) Chrome/53.0.2785.116 Safari/537.36"
::ffff:127.0.0.1 - - [21/Sep/2016:00:34:37 +0000] "GET /user/status HTTP/1.1" 200 226 "http://localhost:3000/" "Mozilla/5.0 (Windows NT 10.0; WOW64) AppleWebKit/537.36 (KHTML, like Gecko) Chrome/53.0.2785.116 Safari/537.36"
::ffff:127.0.0.1 - - [21/Sep/2016:00:39:26 +0000] "GET /user/search HTTP/1.1" - - "http://localhost:3000/" "Mozilla/5.0 (Windows NT 10.0; WOW64) AppleWebKit/537.36 (KHTML, like Gecko) Chrome/53.0.2785.116 Safari/537.36"
::ffff:127.0.0.1 - - [21/Sep/2016:00:39:26 +0000] "GET /user/search HTTP/1.1" - - "http://localhost:3000/" "Mozilla/5.0 (Windows NT 10.0; WOW64) AppleWebKit/537.36 (KHTML, like Gecko) Chrome/53.0.2785.116 Safari/537.36"
::1 - - [21/Sep/2016:00:39:26 +0000] "GET /user/search HTTP/1.1" - - "http://localhost:3000/" "Mozilla/5.0 (Windows NT 10.0; WOW64) AppleWebKit/537.36 (KHTML, like Gecko) Chrome/53.0.2785.116 Safari/537.36"
::1 - - [21/Sep/2016:00:39:26 +0000] "GET /user/search HTTP/1.1" - - "http://localhost:3000/" "Mozilla/5.0 (Windows NT 10.0; WOW64) AppleWebKit/537.36 (KHTML, like Gecko) Chrome/53.0.2785.116 Safari/537.36"
::1 - - [21/Sep/2016:00:39:26 +0000] "GET /user/search HTTP/1.1" - - "http://localhost:3000/" "Mozilla/5.0 (Windows NT 10.0; WOW64) AppleWebKit/537.36 (KHTML, like Gecko) Chrome/53.0.2785.116 Safari/537.36"
::1 - - [21/Sep/2016:00:44:14 +0000] "GET /user/status HTTP/1.1" 200 226 "http://localhost:3000/" "Mozilla/5.0 (Windows NT 10.0; WOW64) AppleWebKit/537.36 (KHTML, like Gecko) Chrome/53.0.2785.116 Safari/537.36"
::1 - - [21/Sep/2016:00:44:38 +0000] "GET /user/status HTTP/1.1" 200 226 "http://localhost:3000/" "Mozilla/5.0 (Windows NT 10.0; WOW64) AppleWebKit/537.36 (KHTML, like Gecko) Chrome/53.0.2785.116 Safari/537.36"
::1 - - [21/Sep/2016:00:55:38 +0000] "GET /user/search HTTP/1.1" - - "http://localhost:3000/" "Mozilla/5.0 (Windows NT 10.0; WOW64) AppleWebKit/537.36 (KHTML, like Gecko) Chrome/53.0.2785.116 Safari/537.36"
::1 - - [21/Sep/2016:00:59:09 +0000] "GET /user/search HTTP/1.1" 404 2351 "http://localhost:3000/" "Mozilla/5.0 (Windows NT 10.0; WOW64) AppleWebKit/537.36 (KHTML, like Gecko) Chrome/53.0.2785.116 Safari/537.36"
::1 - - [21/Sep/2016:01:32:14 +0000] "GET /user/status HTTP/1.1" 200 226 "http://localhost:3000/" "Mozilla/5.0 (Windows NT 10.0; WOW64) AppleWebKit/537.36 (KHTML, like Gecko) Chrome/53.0.2785.116 Safari/537.36"
::1 - - [21/Sep/2016:01:39:17 +0000] "POST /user/search HTTP/1.1" - - "http://localhost:3000/" "Mozilla/5.0 (Windows NT 10.0; WOW64) AppleWebKit/537.36 (KHTML, like Gecko) Chrome/53.0.2785.116 Safari/537.36"
::1 - - [21/Sep/2016:01:39:19 +0000] "GET /user/status HTTP/1.1" 200 226 "http://localhost:3000/" "Mozilla/5.0 (Windows NT 10.0; WOW64) AppleWebKit/537.36 (KHTML, like Gecko) Chrome/53.0.2785.116 Safari/537.36"
::1 - - [21/Sep/2016:01:39:22 +0000] "GET /user/search HTTP/1.1" 404 2351 "http://localhost:3000/" "Mozilla/5.0 (Windows NT 10.0; WOW64) AppleWebKit/537.36 (KHTML, like Gecko) Chrome/53.0.2785.116 Safari/537.36"
::1 - - [21/Sep/2016:01:40:41 +0000] "GET /user/search HTTP/1.1" 404 2351 "http://localhost:3000/" "Mozilla/5.0 (Windows NT 10.0; WOW64) AppleWebKit/537.36 (KHTML, like Gecko) Chrome/53.0.2785.116 Safari/537.36"
::1 - - [21/Sep/2016:01:59:21 +0000] "GET /user/search HTTP/1.1" 404 2351 "http://localhost:3000/" "Mozilla/5.0 (Windows NT 10.0; WOW64) AppleWebKit/537.36 (KHTML, like Gecko) Chrome/53.0.2785.116 Safari/537.36"
::ffff:127.0.0.1 - - [21/Sep/2016:02:00:17 +0000] "GET /user/search HTTP/1.1" 404 2351 "http://localhost:3000/" "Mozilla/5.0 (Windows NT 10.0; WOW64) AppleWebKit/537.36 (KHTML, like Gecko) Chrome/53.0.2785.116 Safari/537.36"
::1 - - [21/Sep/2016:02:01:49 +0000] "GET /user/search HTTP/1.1" 404 2351 "http://localhost:3000/" "Mozilla/5.0 (Windows NT 10.0; WOW64) AppleWebKit/537.36 (KHTML, like Gecko) Chrome/53.0.2785.116 Safari/537.36"
::1 - - [21/Sep/2016:02:02:44 +0000] "GET /user/search HTTP/1.1" 404 2351 "http://localhost:3000/" "Mozilla/5.0 (Windows NT 10.0; WOW64) AppleWebKit/537.36 (KHTML, like Gecko) Chrome/53.0.2785.116 Safari/537.36"
::1 - - [21/Sep/2016:02:02:44 +0000] "GET /user/search HTTP/1.1" 404 2351 "http://localhost:3000/" "Mozilla/5.0 (Windows NT 10.0; WOW64) AppleWebKit/537.36 (KHTML, like Gecko) Chrome/53.0.2785.116 Safari/537.36"
::1 - - [21/Sep/2016:02:02:44 +0000] "GET /user/search HTTP/1.1" 404 2351 "http://localhost:3000/" "Mozilla/5.0 (Windows NT 10.0; WOW64) AppleWebKit/537.36 (KHTML, like Gecko) Chrome/53.0.2785.116 Safari/537.36"
::1 - - [21/Sep/2016:02:02:45 +0000] "GET /user/search HTTP/1.1" 404 2351 "http://localhost:3000/" "Mozilla/5.0 (Windows NT 10.0; WOW64) AppleWebKit/537.36 (KHTML, like Gecko) Chrome/53.0.2785.116 Safari/537.36"
::1 - - [21/Sep/2016:02:02:45 +0000] "GET /user/search HTTP/1.1" 404 2351 "http://localhost:3000/" "Mozilla/5.0 (Windows NT 10.0; WOW64) AppleWebKit/537.36 (KHTML, like Gecko) Chrome/53.0.2785.116 Safari/537.36"
::1 - - [21/Sep/2016:02:04:26 +0000] "GET /user/search HTTP/1.1" 404 2351 "http://localhost:3000/" "Mozilla/5.0 (Windows NT 10.0; WOW64) AppleWebKit/537.36 (KHTML, like Gecko) Chrome/53.0.2785.116 Safari/537.36"
::1 - - [21/Sep/2016:02:04:36 +0000] "GET /user/search HTTP/1.1" 404 2351 "http://localhost:3000/" "Mozilla/5.0 (Windows NT 10.0; WOW64) AppleWebKit/537.36 (KHTML, like Gecko) Chrome/53.0.2785.116 Safari/537.36"
::1 - - [21/Sep/2016:02:04:36 +0000] "GET /user/search HTTP/1.1" 404 2351 "http://localhost:3000/" "Mozilla/5.0 (Windows NT 10.0; WOW64) AppleWebKit/537.36 (KHTML, like Gecko) Chrome/53.0.2785.116 Safari/537.36"
::1 - - [21/Sep/2016:02:04:36 +0000] "GET /user/search HTTP/1.1" 404 2351 "http://localhost:3000/" "Mozilla/5.0 (Windows NT 10.0; WOW64) AppleWebKit/537.36 (KHTML, like Gecko) Chrome/53.0.2785.116 Safari/537.36"
::1 - - [21/Sep/2016:02:06:56 +0000] "GET /user/search HTTP/1.1" 404 2351 "http://localhost:3000/" "Mozilla/5.0 (Windows NT 10.0; WOW64) AppleWebKit/537.36 (KHTML, like Gecko) Chrome/53.0.2785.116 Safari/537.36"
::1 - - [21/Sep/2016:02:07:05 +0000] "GET /user/search HTTP/1.1" 404 2351 "http://localhost:3000/" "Mozilla/5.0 (Windows NT 10.0; WOW64) AppleWebKit/537.36 (KHTML, like Gecko) Chrome/53.0.2785.116 Safari/537.36"
::1 - - [21/Sep/2016:02:07:06 +0000] "GET /user/search HTTP/1.1" 404 2351 "http://localhost:3000/" "Mozilla/5.0 (Windows NT 10.0; WOW64) AppleWebKit/537.36 (KHTML, like Gecko) Chrome/53.0.2785.116 Safari/537.36"
::1 - - [21/Sep/2016:02:07:06 +0000] "GET /user/search HTTP/1.1" 404 2351 "http://localhost:3000/" "Mozilla/5.0 (Windows NT 10.0; WOW64) AppleWebKit/537.36 (KHTML, like Gecko) Chrome/53.0.2785.116 Safari/537.36"
::1 - - [21/Sep/2016:02:07:06 +0000] "GET /user/search HTTP/1.1" 404 2351 "http://localhost:3000/" "Mozilla/5.0 (Windows NT 10.0; WOW64) AppleWebKit/537.36 (KHTML, like Gecko) Chrome/53.0.2785.116 Safari/537.36"
::1 - - [21/Sep/2016:02:07:07 +0000] "GET /user/search HTTP/1.1" 404 2351 "http://localhost:3000/" "Mozilla/5.0 (Windows NT 10.0; WOW64) AppleWebKit/537.36 (KHTML, like Gecko) Chrome/53.0.2785.116 Safari/537.36"
::1 - - [21/Sep/2016:02:07:07 +0000] "GET /user/search HTTP/1.1" 404 2351 "http://localhost:3000/" "Mozilla/5.0 (Windows NT 10.0; WOW64) AppleWebKit/537.36 (KHTML, like Gecko) Chrome/53.0.2785.116 Safari/537.36"
::1 - - [21/Sep/2016:02:07:07 +0000] "GET /user/search HTTP/1.1" 404 2351 "http://localhost:3000/" "Mozilla/5.0 (Windows NT 10.0; WOW64) AppleWebKit/537.36 (KHTML, like Gecko) Chrome/53.0.2785.116 Safari/537.36"
::1 - - [21/Sep/2016:02:07:07 +0000] "GET /user/search HTTP/1.1" 404 2351 "http://localhost:3000/" "Mozilla/5.0 (Windows NT 10.0; WOW64) AppleWebKit/537.36 (KHTML, like Gecko) Chrome/53.0.2785.116 Safari/537.36"
::1 - - [21/Sep/2016:02:07:07 +0000] "GET /user/search HTTP/1.1" 404 2351 "http://localhost:3000/" "Mozilla/5.0 (Windows NT 10.0; WOW64) AppleWebKit/537.36 (KHTML, like Gecko) Chrome/53.0.2785.116 Safari/537.36"
::1 - - [21/Sep/2016:02:07:07 +0000] "GET /user/search HTTP/1.1" 404 2351 "http://localhost:3000/" "Mozilla/5.0 (Windows NT 10.0; WOW64) AppleWebKit/537.36 (KHTML, like Gecko) Chrome/53.0.2785.116 Safari/537.36"
::1 - - [21/Sep/2016:02:07:08 +0000] "GET /user/search HTTP/1.1" 404 2351 "http://localhost:3000/" "Mozilla/5.0 (Windows NT 10.0; WOW64) AppleWebKit/537.36 (KHTML, like Gecko) Chrome/53.0.2785.116 Safari/537.36"
::1 - - [21/Sep/2016:02:07:08 +0000] "GET /user/search HTTP/1.1" 404 2351 "http://localhost:3000/" "Mozilla/5.0 (Windows NT 10.0; WOW64) AppleWebKit/537.36 (KHTML, like Gecko) Chrome/53.0.2785.116 Safari/537.36"
::1 - - [21/Sep/2016:02:07:08 +0000] "GET /user/search HTTP/1.1" 404 2351 "http://localhost:3000/" "Mozilla/5.0 (Windows NT 10.0; WOW64) AppleWebKit/537.36 (KHTML, like Gecko) Chrome/53.0.2785.116 Safari/537.36"
::1 - - [21/Sep/2016:02:08:52 +0000] "GET /user/search HTTP/1.1" 404 2351 "http://localhost:3000/" "Mozilla/5.0 (Windows NT 10.0; WOW64) AppleWebKit/537.36 (KHTML, like Gecko) Chrome/53.0.2785.116 Safari/537.36"
::1 - - [21/Sep/2016:02:08:53 +0000] "GET /user/search HTTP/1.1" 404 2351 "http://localhost:3000/" "Mozilla/5.0 (Windows NT 10.0; WOW64) AppleWebKit/537.36 (KHTML, like Gecko) Chrome/53.0.2785.116 Safari/537.36"
::1 - - [21/Sep/2016:02:08:53 +0000] "GET /user/search HTTP/1.1" 404 2351 "http://localhost:3000/" "Mozilla/5.0 (Windows NT 10.0; WOW64) AppleWebKit/537.36 (KHTML, like Gecko) Chrome/53.0.2785.116 Safari/537.36"
::1 - - [21/Sep/2016:02:08:53 +0000] "GET /user/search HTTP/1.1" 404 2351 "http://localhost:3000/" "Mozilla/5.0 (Windows NT 10.0; WOW64) AppleWebKit/537.36 (KHTML, like Gecko) Chrome/53.0.2785.116 Safari/537.36"
::1 - - [21/Sep/2016:02:08:53 +0000] "GET /user/search HTTP/1.1" 404 2351 "http://localhost:3000/" "Mozilla/5.0 (Windows NT 10.0; WOW64) AppleWebKit/537.36 (KHTML, like Gecko) Chrome/53.0.2785.116 Safari/537.36"
::1 - - [21/Sep/2016:02:08:53 +0000] "GET /user/search HTTP/1.1" 404 2351 "http://localhost:3000/" "Mozilla/5.0 (Windows NT 10.0; WOW64) AppleWebKit/537.36 (KHTML, like Gecko) Chrome/53.0.2785.116 Safari/537.36"
::1 - - [21/Sep/2016:02:08:54 +0000] "GET /user/search HTTP/1.1" 404 2351 "http://localhost:3000/" "Mozilla/5.0 (Windows NT 10.0; WOW64) AppleWebKit/537.36 (KHTML, like Gecko) Chrome/53.0.2785.116 Safari/537.36"
::1 - - [21/Sep/2016:02:08:54 +0000] "GET /user/search HTTP/1.1" 404 2351 "http://localhost:3000/" "Mozilla/5.0 (Windows NT 10.0; WOW64) AppleWebKit/537.36 (KHTML, like Gecko) Chrome/53.0.2785.116 Safari/537.36"
::1 - - [21/Sep/2016:02:08:54 +0000] "GET /user/search HTTP/1.1" 404 2351 "http://localhost:3000/" "Mozilla/5.0 (Windows NT 10.0; WOW64) AppleWebKit/537.36 (KHTML, like Gecko) Chrome/53.0.2785.116 Safari/537.36"
::1 - - [21/Sep/2016:02:08:54 +0000] "GET /user/search HTTP/1.1" 404 2351 "http://localhost:3000/" "Mozilla/5.0 (Windows NT 10.0; WOW64) AppleWebKit/537.36 (KHTML, like Gecko) Chrome/53.0.2785.116 Safari/537.36"
::1 - - [21/Sep/2016:02:09:03 +0000] "GET /user/status HTTP/1.1" 200 226 "http://localhost:3000/" "Mozilla/5.0 (Windows NT 10.0; WOW64) AppleWebKit/537.36 (KHTML, like Gecko) Chrome/53.0.2785.116 Safari/537.36"
::1 - - [21/Sep/2016:02:28:33 +0000] "POST /user/search HTTP/1.1" 404 2346 "http://localhost:3000/" "Mozilla/5.0 (Windows NT 10.0; WOW64) AppleWebKit/537.36 (KHTML, like Gecko) Chrome/53.0.2785.116 Safari/537.36"
::1 - - [21/Sep/2016:02:42:56 +0000] "GET /user/logout HTTP/1.1" 302 46 "http://localhost:3000/" "Mozilla/5.0 (Windows NT 10.0; WOW64) AppleWebKit/537.36 (KHTML, like Gecko) Chrome/53.0.2785.116 Safari/537.36"
::1 - - [21/Sep/2016:02:42:58 +0000] "GET /user/status HTTP/1.1" 500 42 "http://localhost:3000/" "Mozilla/5.0 (Windows NT 10.0; WOW64) AppleWebKit/537.36 (KHTML, like Gecko) Chrome/53.0.2785.116 Safari/537.36"
::1 - - [21/Sep/2016:02:44:58 +0000] "GET /user/search HTTP/1.1" - - "http://localhost:3000/" "Mozilla/5.0 (Windows NT 10.0; WOW64) AppleWebKit/537.36 (KHTML, like Gecko) Chrome/53.0.2785.116 Safari/537.36"
::1 - - [21/Sep/2016:02:46:58 +0000] "GET /user/search HTTP/1.1" - - "http://localhost:3000/" "Mozilla/5.0 (Windows NT 10.0; WOW64) AppleWebKit/537.36 (KHTML, like Gecko) Chrome/53.0.2785.116 Safari/537.36"
::1 - - [21/Sep/2016:02:49:37 +0000] "GET /user/search HTTP/1.1" - - "http://localhost:3000/" "Mozilla/5.0 (Windows NT 10.0; WOW64) AppleWebKit/537.36 (KHTML, like Gecko) Chrome/53.0.2785.116 Safari/537.36"
::1 - - [21/Sep/2016:02:53:04 +0000] "GET /user/search HTTP/1.1" 404 2351 "http://localhost:3000/" "Mozilla/5.0 (Windows NT 10.0; WOW64) AppleWebKit/537.36 (KHTML, like Gecko) Chrome/53.0.2785.116 Safari/537.36"
::1 - - [21/Sep/2016:02:53:06 +0000] "GET /user/search HTTP/1.1" 404 2351 "http://localhost:3000/" "Mozilla/5.0 (Windows NT 10.0; WOW64) AppleWebKit/537.36 (KHTML, like Gecko) Chrome/53.0.2785.116 Safari/537.36"
::1 - - [21/Sep/2016:02:53:06 +0000] "GET /user/search HTTP/1.1" 404 2351 "http://localhost:3000/" "Mozilla/5.0 (Windows NT 10.0; WOW64) AppleWebKit/537.36 (KHTML, like Gecko) Chrome/53.0.2785.116 Safari/537.36"
::1 - - [21/Sep/2016:02:53:06 +0000] "GET /user/search HTTP/1.1" 404 2351 "http://localhost:3000/" "Mozilla/5.0 (Windows NT 10.0; WOW64) AppleWebKit/537.36 (KHTML, like Gecko) Chrome/53.0.2785.116 Safari/537.36"
::1 - - [21/Sep/2016:02:53:06 +0000] "GET /user/search HTTP/1.1" 404 2351 "http://localhost:3000/" "Mozilla/5.0 (Windows NT 10.0; WOW64) AppleWebKit/537.36 (KHTML, like Gecko) Chrome/53.0.2785.116 Safari/537.36"
::1 - - [21/Sep/2016:02:53:07 +0000] "GET /user/search HTTP/1.1" 404 2351 "http://localhost:3000/" "Mozilla/5.0 (Windows NT 10.0; WOW64) AppleWebKit/537.36 (KHTML, like Gecko) Chrome/53.0.2785.116 Safari/537.36"
::1 - - [21/Sep/2016:02:53:07 +0000] "GET /user/search HTTP/1.1" 404 2351 "http://localhost:3000/" "Mozilla/5.0 (Windows NT 10.0; WOW64) AppleWebKit/537.36 (KHTML, like Gecko) Chrome/53.0.2785.116 Safari/537.36"
::1 - - [21/Sep/2016:03:29:38 +0000] "GET /user/search HTTP/1.1" 404 2351 "http://localhost:3000/" "Mozilla/5.0 (Windows NT 10.0; WOW64) AppleWebKit/537.36 (KHTML, like Gecko) Chrome/53.0.2785.116 Safari/537.36"
::1 - - [21/Sep/2016:03:32:30 +0000] "GET /user/search HTTP/1.1" - - "http://localhost:3000/" "Mozilla/5.0 (Windows NT 10.0; WOW64) AppleWebKit/537.36 (KHTML, like Gecko) Chrome/53.0.2785.116 Safari/537.36"
::1 - - [21/Sep/2016:03:32:32 +0000] "GET /user/search HTTP/1.1" - - "http://localhost:3000/" "Mozilla/5.0 (Windows NT 10.0; WOW64) AppleWebKit/537.36 (KHTML, like Gecko) Chrome/53.0.2785.116 Safari/537.36"
::1 - - [21/Sep/2016:03:32:32 +0000] "GET /user/search HTTP/1.1" - - "http://localhost:3000/" "Mozilla/5.0 (Windows NT 10.0; WOW64) AppleWebKit/537.36 (KHTML, like Gecko) Chrome/53.0.2785.116 Safari/537.36"
::1 - - [21/Sep/2016:03:32:32 +0000] "GET /user/search HTTP/1.1" - - "http://localhost:3000/" "Mozilla/5.0 (Windows NT 10.0; WOW64) AppleWebKit/537.36 (KHTML, like Gecko) Chrome/53.0.2785.116 Safari/537.36"
::1 - - [21/Sep/2016:03:32:32 +0000] "GET /user/search HTTP/1.1" - - "http://localhost:3000/" "Mozilla/5.0 (Windows NT 10.0; WOW64) AppleWebKit/537.36 (KHTML, like Gecko) Chrome/53.0.2785.116 Safari/537.36"
::1 - - [21/Sep/2016:03:32:32 +0000] "GET /user/search HTTP/1.1" - - "http://localhost:3000/" "Mozilla/5.0 (Windows NT 10.0; WOW64) AppleWebKit/537.36 (KHTML, like Gecko) Chrome/53.0.2785.116 Safari/537.36"
::1 - - [21/Sep/2016:03:34:30 +0000] "GET /user/search HTTP/1.1" - - "http://localhost:3000/" "Mozilla/5.0 (Windows NT 10.0; WOW64) AppleWebKit/537.36 (KHTML, like Gecko) Chrome/53.0.2785.116 Safari/537.36"
::1 - - [21/Sep/2016:03:34:32 +0000] "GET /user/search HTTP/1.1" - - "http://localhost:3000/" "Mozilla/5.0 (Windows NT 10.0; WOW64) AppleWebKit/537.36 (KHTML, like Gecko) Chrome/53.0.2785.116 Safari/537.36"
::1 - - [21/Sep/2016:03:34:32 +0000] "GET /user/search HTTP/1.1" - - "http://localhost:3000/" "Mozilla/5.0 (Windows NT 10.0; WOW64) AppleWebKit/537.36 (KHTML, like Gecko) Chrome/53.0.2785.116 Safari/537.36"
::1 - - [21/Sep/2016:03:34:32 +0000] "GET /user/search HTTP/1.1" - - "http://localhost:3000/" "Mozilla/5.0 (Windows NT 10.0; WOW64) AppleWebKit/537.36 (KHTML, like Gecko) Chrome/53.0.2785.116 Safari/537.36"
::1 - - [21/Sep/2016:03:34:32 +0000] "GET /user/search HTTP/1.1" - - "http://localhost:3000/" "Mozilla/5.0 (Windows NT 10.0; WOW64) AppleWebKit/537.36 (KHTML, like Gecko) Chrome/53.0.2785.116 Safari/537.36"
::1 - - [21/Sep/2016:03:34:32 +0000] "GET /user/search HTTP/1.1" - - "http://localhost:3000/" "Mozilla/5.0 (Windows NT 10.0; WOW64) AppleWebKit/537.36 (KHTML, like Gecko) Chrome/53.0.2785.116 Safari/537.36"
::1 - - [21/Sep/2016:03:36:30 +0000] "GET /user/search HTTP/1.1" - - "http://localhost:3000/" "Mozilla/5.0 (Windows NT 10.0; WOW64) AppleWebKit/537.36 (KHTML, like Gecko) Chrome/53.0.2785.116 Safari/537.36"
::1 - - [21/Sep/2016:03:36:32 +0000] "GET /user/search HTTP/1.1" - - "http://localhost:3000/" "Mozilla/5.0 (Windows NT 10.0; WOW64) AppleWebKit/537.36 (KHTML, like Gecko) Chrome/53.0.2785.116 Safari/537.36"
::1 - - [21/Sep/2016:03:53:54 +0000] "POST /user/search HTTP/1.1" 404 2346 "-" "Mozilla/5.0 (Windows NT 10.0; WOW64) AppleWebKit/537.36 (KHTML, like Gecko) Chrome/53.0.2785.116 Safari/537.36"
::1 - - [21/Sep/2016:03:54:10 +0000] "GET /user/search HTTP/1.1" - - "http://localhost:3000/" "Mozilla/5.0 (Windows NT 10.0; WOW64) AppleWebKit/537.36 (KHTML, like Gecko) Chrome/53.0.2785.116 Safari/537.36"
::1 - - [21/Sep/2016:04:03:41 +0000] "GET /user/status HTTP/1.1" 500 42 "http://localhost:3000/" "Mozilla/5.0 (Windows NT 10.0; WOW64) AppleWebKit/537.36 (KHTML, like Gecko) Chrome/53.0.2785.116 Safari/537.36"
::1 - - [21/Sep/2016:04:05:05 +0000] "GET /user/status HTTP/1.1" 500 42 "http://localhost:3000/" "Mozilla/5.0 (Windows NT 10.0; WOW64) AppleWebKit/537.36 (KHTML, like Gecko) Chrome/53.0.2785.116 Safari/537.36"
::ffff:127.0.0.1 - - [21/Sep/2016:04:08:17 +0000] "GET /user/search HTTP/1.1" - - "http://localhost:3000/" "Mozilla/5.0 (Windows NT 10.0; WOW64) AppleWebKit/537.36 (KHTML, like Gecko) Chrome/53.0.2785.116 Safari/537.36"
::ffff:127.0.0.1 - - [21/Sep/2016:04:08:17 +0000] "GET /user/search HTTP/1.1" - - "http://localhost:3000/" "Mozilla/5.0 (Windows NT 10.0; WOW64) AppleWebKit/537.36 (KHTML, like Gecko) Chrome/53.0.2785.116 Safari/537.36"
::ffff:127.0.0.1 - - [21/Sep/2016:04:08:18 +0000] "GET /user/search HTTP/1.1" - - "http://localhost:3000/" "Mozilla/5.0 (Windows NT 10.0; WOW64) AppleWebKit/537.36 (KHTML, like Gecko) Chrome/53.0.2785.116 Safari/537.36"
::1 - - [21/Sep/2016:04:08:18 +0000] "GET /user/search HTTP/1.1" - - "http://localhost:3000/" "Mozilla/5.0 (Windows NT 10.0; WOW64) AppleWebKit/537.36 (KHTML, like Gecko) Chrome/53.0.2785.116 Safari/537.36"
::1 - - [21/Sep/2016:04:08:18 +0000] "GET /user/search HTTP/1.1" - - "http://localhost:3000/" "Mozilla/5.0 (Windows NT 10.0; WOW64) AppleWebKit/537.36 (KHTML, like Gecko) Chrome/53.0.2785.116 Safari/537.36"
::1 - - [21/Sep/2016:04:08:18 +0000] "GET /user/search HTTP/1.1" - - "http://localhost:3000/" "Mozilla/5.0 (Windows NT 10.0; WOW64) AppleWebKit/537.36 (KHTML, like Gecko) Chrome/53.0.2785.116 Safari/537.36"
::1 - - [21/Sep/2016:04:09:58 +0000] "GET /user/status HTTP/1.1" 500 42 "http://localhost:3000/" "Mozilla/5.0 (Windows NT 10.0; WOW64) AppleWebKit/537.36 (KHTML, like Gecko) Chrome/53.0.2785.116 Safari/537.36"
::1 - - [21/Sep/2016:04:10:48 +0000] "GET /user/search?test=123 HTTP/1.1" - - "http://localhost:3000/" "Mozilla/5.0 (Windows NT 10.0; WOW64) AppleWebKit/537.36 (KHTML, like Gecko) Chrome/53.0.2785.116 Safari/537.36"
::1 - - [21/Sep/2016:04:10:49 +0000] "GET /user/status HTTP/1.1" 500 42 "http://localhost:3000/" "Mozilla/5.0 (Windows NT 10.0; WOW64) AppleWebKit/537.36 (KHTML, like Gecko) Chrome/53.0.2785.116 Safari/537.36"
::1 - - [21/Sep/2016:04:13:01 +0000] "GET /user/status HTTP/1.1" 500 42 "http://localhost:3000/" "Mozilla/5.0 (Windows NT 10.0; WOW64) AppleWebKit/537.36 (KHTML, like Gecko) Chrome/53.0.2785.116 Safari/537.36"
::1 - - [21/Sep/2016:04:15:01 +0000] "GET /user/search HTTP/1.1" - - "http://localhost:3000/" "Mozilla/5.0 (Windows NT 10.0; WOW64) AppleWebKit/537.36 (KHTML, like Gecko) Chrome/53.0.2785.116 Safari/537.36"
::1 - - [21/Sep/2016:04:16:03 +0000] "GET /user/search HTTP/1.1" - - "http://localhost:3000/" "Mozilla/5.0 (Windows NT 10.0; WOW64) AppleWebKit/537.36 (KHTML, like Gecko) Chrome/53.0.2785.116 Safari/537.36"
::1 - - [21/Sep/2016:04:16:04 +0000] "GET /user/status HTTP/1.1" 500 42 "http://localhost:3000/" "Mozilla/5.0 (Windows NT 10.0; WOW64) AppleWebKit/537.36 (KHTML, like Gecko) Chrome/53.0.2785.116 Safari/537.36"
::1 - - [21/Sep/2016:04:18:04 +0000] "GET /user/search?duration=24&maxPrice=2000&minPrice=0&rating=2&rentType=rentType&searchTex=Toronto HTTP/1.1" - - "http://localhost:3000/" "Mozilla/5.0 (Windows NT 10.0; WOW64) AppleWebKit/537.36 (KHTML, like Gecko) Chrome/53.0.2785.116 Safari/537.36"
::1 - - [21/Sep/2016:04:20:04 +0000] "GET /user/search?duration=24&maxPrice=2000&minPrice=0&rating=2&rentType=rentType&searchTex=Toronto HTTP/1.1" - - "http://localhost:3000/" "Mozilla/5.0 (Windows NT 10.0; WOW64) AppleWebKit/537.36 (KHTML, like Gecko) Chrome/53.0.2785.116 Safari/537.36"
::1 - - [21/Sep/2016:15:51:23 +0000] "GET /user/status HTTP/1.1" 500 42 "http://localhost:3000/" "Mozilla/5.0 (Windows NT 10.0; WOW64) AppleWebKit/537.36 (KHTML, like Gecko) Chrome/53.0.2785.116 Safari/537.36"
::1 - - [21/Sep/2016:15:54:14 +0000] "GET /user/search?duration=24&maxPrice=2000&minPrice=0&rating=5&rentType=Apartment&searchText=Toronto HTTP/1.1" - - "http://localhost:3000/" "Mozilla/5.0 (Windows NT 10.0; WOW64) AppleWebKit/537.36 (KHTML, like Gecko) Chrome/53.0.2785.116 Safari/537.36"
::1 - - [21/Sep/2016:18:00:39 +0000] "GET /user/search?duration=24&maxPrice=2000&minPrice=0&rating=5&rentType=Apartment&searchText=Toronto HTTP/1.1" - - "http://localhost:3000/" "Mozilla/5.0 (Windows NT 10.0; WOW64) AppleWebKit/537.36 (KHTML, like Gecko) Chrome/53.0.2785.116 Safari/537.36"
::1 - - [21/Sep/2016:23:17:06 +0000] "GET /user/status HTTP/1.1" 500 42 "http://localhost:3000/" "Mozilla/5.0 (Windows NT 10.0; WOW64) AppleWebKit/537.36 (KHTML, like Gecko) Chrome/53.0.2785.116 Safari/537.36"
::1 - - [22/Sep/2016:01:24:11 +0000] "GET /user/status HTTP/1.1" 500 42 "http://localhost:3000/" "Mozilla/5.0 (Windows NT 10.0; WOW64) AppleWebKit/537.36 (KHTML, like Gecko) Chrome/53.0.2785.116 Safari/537.36"
::1 - - [22/Sep/2016:01:25:14 +0000] "GET /user/status HTTP/1.1" 500 42 "http://localhost:3000/" "Mozilla/5.0 (Windows NT 10.0; WOW64) AppleWebKit/537.36 (KHTML, like Gecko) Chrome/53.0.2785.116 Safari/537.36"
::1 - - [22/Sep/2016:02:21:46 +0000] "GET /user/status HTTP/1.1" 500 42 "http://localhost:3000/" "Mozilla/5.0 (Windows NT 10.0; WOW64) AppleWebKit/537.36 (KHTML, like Gecko) Chrome/53.0.2785.116 Safari/537.36"
::1 - - [22/Sep/2016:03:16:30 +0000] "POST /user/login HTTP/1.1" 200 30 "http://localhost:3000/" "Mozilla/5.0 (Windows NT 10.0; WOW64) AppleWebKit/537.36 (KHTML, like Gecko) Chrome/53.0.2785.116 Safari/537.36"
::1 - - [22/Sep/2016:03:16:30 +0000] "GET /user/status HTTP/1.1" 200 226 "http://localhost:3000/" "Mozilla/5.0 (Windows NT 10.0; WOW64) AppleWebKit/537.36 (KHTML, like Gecko) Chrome/53.0.2785.116 Safari/537.36"
::1 - - [22/Sep/2016:04:05:13 +0000] "GET /user/status HTTP/1.1" 200 226 "http://localhost:3000/" "Mozilla/5.0 (Windows NT 10.0; WOW64) AppleWebKit/537.36 (KHTML, like Gecko) Chrome/53.0.2785.116 Safari/537.36"
::1 - - [22/Sep/2016:04:45:44 +0000] "GET /user/status HTTP/1.1" 200 226 "http://localhost:3000/" "Mozilla/5.0 (Windows NT 10.0; WOW64) AppleWebKit/537.36 (KHTML, like Gecko) Chrome/53.0.2785.116 Safari/537.36"
